<?xml version="1.0" encoding="UTF-8"?>
<testng-results ignored="0" total="1" passed="1" failed="0" skipped="0">
  <reporter-output>
  </reporter-output>
  <suite started-at="2024-01-10T19:54:12 IST" name="Default suite" finished-at="2024-01-10T19:54:33 IST" duration-ms="21010">
    <groups>
    </groups>
    <test started-at="2024-01-10T19:54:12 IST" name="Default test" finished-at="2024-01-10T19:54:33 IST" duration-ms="21010">
      <class name="test.testdemo">
        <test-method is-config="true" signature="setUp()[pri:0, instance:test.testdemo@534a5a98]" started-at="2024-01-10T19:54:12 IST" name="setUp" finished-at="2024-01-10T19:54:17 IST" duration-ms="4349" status="PASS">
          <reporter-output>
          </reporter-output>
        </test-method> <!-- setUp -->
        <test-method signature="test()[pri:0, instance:test.testdemo@534a5a98]" started-at="2024-01-10T19:54:17 IST" name="test" finished-at="2024-01-10T19:54:33 IST" duration-ms="16518" status="PASS">
          <reporter-output>
          </reporter-output>
        </test-method> <!-- test -->
        <test-method is-config="true" signature="tearDown()[pri:0, instance:test.testdemo@534a5a98]" started-at="2024-01-10T19:54:33 IST" name="tearDown" finished-at="2024-01-10T19:54:33 IST" duration-ms="107" status="PASS">
          <reporter-output>
          </reporter-output>
        </test-method> <!-- tearDown -->
      </class> <!-- test.testdemo -->
    </test> <!-- Default test -->
  </suite> <!-- Default suite -->
</testng-results>
